0 info it worked if it ends with ok
1 verbose cli [ 'C:\\Program Files\\nodejs\\node.exe',
1 verbose cli   'C:\\Program Files\\nodejs\\node_modules\\npm\\bin\\npm-cli.js',
1 verbose cli   'start' ]
2 info using npm@3.10.10
3 info using node@v6.11.2
4 verbose run-script [ 'prestart', 'start', 'poststart' ]
5 info lifecycle control-notifications@1.0.0~prestart: control-notifications@1.0.0
6 silly lifecycle control-notifications@1.0.0~prestart: no script for prestart, continuing
7 info lifecycle control-notifications@1.0.0~start: control-notifications@1.0.0
8 verbose lifecycle control-notifications@1.0.0~start: unsafe-perm in lifecycle true
9 verbose lifecycle control-notifications@1.0.0~start: PATH: C:\Users\JOHN_SERRANO\AppData\Roaming\nvm\v6.11.2\node_modules\npm\bin\node-gyp-bin;C:\Users\JOHN_SERRANO\Documents\control-notifications\node_modules\.bin;C:\Users\JOHN_SERRANO\bin;C:\Program Files (x86)\Git\mingw32\bin;C:\Program Files (x86)\Git\usr\local\bin;C:\Program Files (x86)\Git\usr\bin;C:\Program Files (x86)\Git\usr\bin;C:\Program Files (x86)\Git\mingw32\bin;C:\Program Files (x86)\Git\usr\bin;C:\Users\JOHN_SERRANO\bin;C:\Program Files\ImageMagick-7.0.4-Q16;C:\Program Files (x86)\NVIDIA Corporation\PhysX\Common;C:\Program Files (x86)\AMD APP\bin\x86_64;C:\Program Files (x86)\AMD APP\bin\x86;C:\Windows\system32;C:\Windows;C:\Windows\System32\Wbem;C:\Windows\System32\WindowsPowerShell\v1.0;C:\Program Files (x86)\ESTsoft\ALZip;C:\Program Files (x86)\Git\cmd;C:\wamp\bin\php\php5.5.12;C:\ProgramData\ComposerSetup\bin;C:\Users\JOHN_SERRANO\AppData\Roaming\Composer;C:\Program Files\MongoDB\Server\3.4\bin;C:\Python27;C:\Python27\Scripts;C:\Program Files (x86)\Skype\Phone;C:\cygwin64\bin;C:\Users\JOHN_SERRANO\AppData\Roaming\nvm;C:\Program Files\nodejs;C:\Users\JOHN_SERRANO\AppData\Roaming\Composer\vendor\bin;C:\Users\JOHN_SERRANO\AppData\Roaming\npm;C:\Users\JOHN_SERRANO\AppData\Local\Google\Cloud SDK\google-cloud-sdk\bin;C:\Program Files\Heroku\bin;C:\Program Files\Microsoft VS Code\bin;C:\Users\JOHN_SERRANO\AppData\Roaming\nvm;C:\Program Files\nodejs;C:\Program Files (x86)\Git\usr\bin\vendor_perl;C:\Program Files (x86)\Git\usr\bin\core_perl
10 verbose lifecycle control-notifications@1.0.0~start: CWD: C:\Users\JOHN_SERRANO\Documents\control-notifications
11 silly lifecycle control-notifications@1.0.0~start: Args: [ '/d /s /c', 'node index.js' ]
12 silly lifecycle control-notifications@1.0.0~start: Returned: code: 1  signal: null
13 info lifecycle control-notifications@1.0.0~start: Failed to exec start script
14 verbose stack Error: control-notifications@1.0.0 start: `node index.js`
14 verbose stack Exit status 1
14 verbose stack     at EventEmitter.<anonymous> (C:\Users\JOHN_SERRANO\AppData\Roaming\nvm\v6.11.2\node_modules\npm\lib\utils\lifecycle.js:255:16)
14 verbose stack     at emitTwo (events.js:106:13)
14 verbose stack     at EventEmitter.emit (events.js:191:7)
14 verbose stack     at ChildProcess.<anonymous> (C:\Users\JOHN_SERRANO\AppData\Roaming\nvm\v6.11.2\node_modules\npm\lib\utils\spawn.js:40:14)
14 verbose stack     at emitTwo (events.js:106:13)
14 verbose stack     at ChildProcess.emit (events.js:191:7)
14 verbose stack     at maybeClose (internal/child_process.js:891:16)
14 verbose stack     at Process.ChildProcess._handle.onexit (internal/child_process.js:226:5)
15 verbose pkgid control-notifications@1.0.0
16 verbose cwd C:\Users\JOHN_SERRANO\Documents\control-notifications
17 error Windows_NT 6.1.7601
18 error argv "C:\\Program Files\\nodejs\\node.exe" "C:\\Program Files\\nodejs\\node_modules\\npm\\bin\\npm-cli.js" "start"
19 error node v6.11.2
20 error npm  v3.10.10
21 error code ELIFECYCLE
22 error control-notifications@1.0.0 start: `node index.js`
22 error Exit status 1
23 error Failed at the control-notifications@1.0.0 start script 'node index.js'.
23 error Make sure you have the latest version of node.js and npm installed.
23 error If you do, this is most likely a problem with the control-notifications package,
23 error not with npm itself.
23 error Tell the author that this fails on your system:
23 error     node index.js
23 error You can get information on how to open an issue for this project with:
23 error     npm bugs control-notifications
23 error Or if that isn't available, you can get their info via:
23 error     npm owner ls control-notifications
23 error There is likely additional logging output above.
24 verbose exit [ 1, true ]
